1614268363300	geckodriver	INFO	Listening on 127.0.0.1:46259
1614268363671	mozrunner::runner	INFO	Running command: "/usr/bin/firefox" "--marionette" "-foreground" "-no-remote" "-profile" "/tmp/rust_mozprofilefuTtUj"
console.warn: SearchSettings: "get: No settings file exists, new profile?" (new Error("", "(unknown module)"))
console.error: Region.jsm: "Error fetching region" (new Error("TIMEOUT", "resource://gre/modules/Region.jsm", 775))
console.error: Region.jsm: "Failed to fetch region" (new Error("TIMEOUT", "resource://gre/modules/Region.jsm", 422))
1614268404724	Marionette	INFO	Listening on port 35741
1614268405233	Marionette	WARN	TLS certificate errors will be ignored for this session
1614268405288	Marionette	ERROR	[18] No reply from Marionette:Register
1614268424290	Marionette	INFO	Stopped listening on port 35741

###!!! [Parent][RunMessage] Error: Channel error: cannot send/recv

1614268447211	geckodriver	INFO	Listening on 127.0.0.1:46703
1614268447310	mozrunner::runner	INFO	Running command: "/usr/bin/firefox" "--marionette" "-foreground" "-no-remote" "-profile" "/tmp/rust_mozprofileWSBYvC"
console.warn: SearchSettings: "get: No settings file exists, new profile?" (new Error("", "(unknown module)"))
console.error: Region.jsm: "Error fetching region" (new Error("TIMEOUT", "resource://gre/modules/Region.jsm", 775))
console.error: Region.jsm: "Failed to fetch region" (new Error("TIMEOUT", "resource://gre/modules/Region.jsm", 422))
1614268464733	Marionette	INFO	Listening on port 43183
1614268464799	Marionette	WARN	TLS certificate errors will be ignored for this session
1614268464813	Marionette	ERROR	[15] No reply from Marionette:Register
1614268480299	Marionette	INFO	Stopped listening on port 43183
JavaScript error: resource://activity-stream/lib/ASRouter.jsm, line 987: NS_ERROR_ILLEGAL_VALUE: Component returned failure code: 0x80070057 (NS_ERROR_ILLEGAL_VALUE) [nsIObserverService.removeObserver]
1614268581802	geckodriver	INFO	Listening on 127.0.0.1:50833
1614268581810	mozrunner::runner	INFO	Running command: "/usr/bin/firefox" "--marionette" "-foreground" "-no-remote" "-profile" "/tmp/rust_mozprofilewwjxjP"
console.warn: SearchSettings: "get: No settings file exists, new profile?" (new Error("", "(unknown module)"))
console.error: Region.jsm: "Error fetching region" (new Error("TIMEOUT", "resource://gre/modules/Region.jsm", 775))
console.error: Region.jsm: "Failed to fetch region" (new Error("TIMEOUT", "resource://gre/modules/Region.jsm", 422))
1614268605615	Marionette	INFO	Listening on port 40903
1614268605674	Marionette	WARN	TLS certificate errors will be ignored for this session
1614268605687	Marionette	ERROR	[15] No reply from Marionette:Register
1614268630439	Marionette	INFO	Stopped listening on port 40903
JavaScript error: resource://activity-stream/lib/ASRouter.jsm, line 987: NS_ERROR_ILLEGAL_VALUE: Component returned failure code: 0x80070057 (NS_ERROR_ILLEGAL_VALUE) [nsIObserverService.removeObserver]
1614268665758	geckodriver	INFO	Listening on 127.0.0.1:37497
1614268665828	mozrunner::runner	INFO	Running command: "/usr/bin/firefox" "--marionette" "-foreground" "-no-remote" "-profile" "/tmp/rust_mozprofileAOfO6F"
console.warn: SearchSettings: "get: No settings file exists, new profile?" (new Error("", "(unknown module)"))
console.error: Region.jsm: "Error fetching region" (new Error("TIMEOUT", "resource://gre/modules/Region.jsm", 775))
console.error: Region.jsm: "Failed to fetch region" (new Error("TIMEOUT", "resource://gre/modules/Region.jsm", 422))
1614268687994	Marionette	INFO	Listening on port 39619
1614268688044	Marionette	WARN	TLS certificate errors will be ignored for this session
1614268688060	Marionette	ERROR	[15] No reply from Marionette:Register
1614268721990	Marionette	INFO	Stopped listening on port 39619
JavaScript error: resource://activity-stream/lib/ASRouter.jsm, line 987: NS_ERROR_ILLEGAL_VALUE: Component returned failure code: 0x80070057 (NS_ERROR_ILLEGAL_VALUE) [nsIObserverService.removeObserver]
1614268967371	geckodriver	INFO	Listening on 127.0.0.1:60485
1614268968720	mozrunner::runner	INFO	Running command: "/usr/bin/firefox" "--marionette" "-foreground" "-no-remote" "-profile" "/tmp/rust_mozprofileRSSN8r"
console.warn: SearchSettings: "get: No settings file exists, new profile?" (new Error("", "(unknown module)"))
console.error: Region.jsm: "Error fetching region" (new Error("TIMEOUT", "resource://gre/modules/Region.jsm", 775))
console.error: Region.jsm: "Failed to fetch region" (new Error("TIMEOUT", "resource://gre/modules/Region.jsm", 422))
1614269022722	Marionette	INFO	Listening on port 44689
1614269023313	Marionette	WARN	TLS certificate errors will be ignored for this session
1614269023343	Marionette	ERROR	[18] No reply from Marionette:Register
JavaScript error: https://meet.google.com/_/scs/mss-static/_/js/k=boq-rtc.MeetingsUi.en_US.PhdDbpWFlq4.2020.O/ck=boq-rtc.MeetingsUi.BMcfmfNPVVQ.L.F4.O/am=YQAgRAAAbQhw_2AGEDAAogQAADAAAuQDAEAMAAA0A2EG_weQEgAAoREAAAA3KCEBAg/d=1/exm=LEikZe,_b,_tp,byfTOb,lsjVmc/excm=_b,_tp,calldesktoppageview/ed=1/wt=2/ct=zgms/rs=AL5CKSEtvp5_Gpc2TAPNP_cUbBGfRsUHng/m=n73qwf,ws9Tlc,IZT63,e5qFLc,GkRiKb,UUJqVe,O1Gjze,xUdipf,blwjVc,fKUV3e,aurFic,COQbmf,U0aPgd,ZwDk9d,V3dDOb,XU5LFb,hl,rrm,c6KVyc,jKHFJb,mI3LFb,WO9ee,T6U9J,lHoXXe,SFhYHb,FMq9Lb,qIJF2,rsr,AePfdf,DCwKHe,RqS4qe,t8N1l,nUMwj,zmuYmd,Bmvled,mibVie,syIdOe,k2r0oe,OoSMve,KdcBrc,O6y8ed,NpD4ec,PrPYRd,O4tzsb,iWP1Yb,MpJwZc,O8k1Cd,NwH0H,OmgaI,HLo3Ef,x60fie,xiqEse,MsyKad,lazG7b,ma,kXiGjb,khenvb,azqyEc,W4cEdc,tQz2Ve,XVMNvd,L1AAkb,KUM7Z,rE6Mgd,Fl2dbf,fFdwef,Mh3sMc,ehbmDc,GcAaod,rn9YO,Y0bgVb,s39S4,lwddkf,gychg,w9hDv,RMhBfe,tgTcU,qCSYWe,lAg79c,TH1Apc,Ryzncf,SdcwHb,aW3pY,YLQSd,PQaYAf,P1S3zf,DM8swd,pw70Gc,EFQ78c,Ulmmrd,ZfAoz,Ivl8bd,mdR7q,kmkrAf,PGW6ue,CBlRxf,MdUzUe,I6YDgd,N5Lqpc,fgj8Rb,xQtZb,lPKSwe,y4Nztd,QIhFr,JNoxi,texUgd,MI6k7c,kjKdXe,pB6Zqd,llTWPd,FYCkde,rHjpXd,yDVVkb,E7GzYd,SF3gsd,FSOnAf,cilABe,jdrlZe,qexExd,DNsE7e,xGC4Gb,swpmp,gtEOic,QBFzrf,sszRX,CvtcN,hKSk3e,oUdseb,sPwFo,iTsyac,Rsjrje,hc6Ubd,rNa50e,dWHZee,r3O6kf,CpMwL,Tnlgmf,QQnX0,KG2eXe,SpsfSb,Zz5Rse,cWjcJb,NNJERe,tfTN8c,o02Jie,SWlOAd,Cw0Hjd,LgZW9b,OdgxHf,ABMzYd,VwDzFe,zbML3c,vWBbe,alwr6,JECyjf,ixOrqc,dlck6b,HDvRde,Uas9Hd,BVgquf,a9EW5e,Z7OaKe,A7fCU,JGjVRe,hIO81e,UgAtXe,pjICDe, line 6864: Error: DisconnectedError, EndCause = 72
JavaScript error: https://meet.google.com/_/scs/mss-static/_/js/k=boq-rtc.MeetingsUi.en_US.PhdDbpWFlq4.2020.O/ck=boq-rtc.MeetingsUi.BMcfmfNPVVQ.L.F4.O/am=YQAgRAAAbQhw_2AGEDAAogQAADAAAuQDAEAMAAA0A2EG_weQEgAAoREAAAA3KCEBAg/d=1/exm=LEikZe,_b,_tp,byfTOb,lsjVmc/excm=_b,_tp,calldesktoppageview/ed=1/wt=2/ct=zgms/rs=AL5CKSEtvp5_Gpc2TAPNP_cUbBGfRsUHng/m=n73qwf,ws9Tlc,IZT63,e5qFLc,GkRiKb,UUJqVe,O1Gjze,xUdipf,blwjVc,fKUV3e,aurFic,COQbmf,U0aPgd,ZwDk9d,V3dDOb,XU5LFb,hl,rrm,c6KVyc,jKHFJb,mI3LFb,WO9ee,T6U9J,lHoXXe,SFhYHb,FMq9Lb,qIJF2,rsr,AePfdf,DCwKHe,RqS4qe,t8N1l,nUMwj,zmuYmd,Bmvled,mibVie,syIdOe,k2r0oe,OoSMve,KdcBrc,O6y8ed,NpD4ec,PrPYRd,O4tzsb,iWP1Yb,MpJwZc,O8k1Cd,NwH0H,OmgaI,HLo3Ef,x60fie,xiqEse,MsyKad,lazG7b,ma,kXiGjb,khenvb,azqyEc,W4cEdc,tQz2Ve,XVMNvd,L1AAkb,KUM7Z,rE6Mgd,Fl2dbf,fFdwef,Mh3sMc,ehbmDc,GcAaod,rn9YO,Y0bgVb,s39S4,lwddkf,gychg,w9hDv,RMhBfe,tgTcU,qCSYWe,lAg79c,TH1Apc,Ryzncf,SdcwHb,aW3pY,YLQSd,PQaYAf,P1S3zf,DM8swd,pw70Gc,EFQ78c,Ulmmrd,ZfAoz,Ivl8bd,mdR7q,kmkrAf,PGW6ue,CBlRxf,MdUzUe,I6YDgd,N5Lqpc,fgj8Rb,xQtZb,lPKSwe,y4Nztd,QIhFr,JNoxi,texUgd,MI6k7c,kjKdXe,pB6Zqd,llTWPd,FYCkde,rHjpXd,yDVVkb,E7GzYd,SF3gsd,FSOnAf,cilABe,jdrlZe,qexExd,DNsE7e,xGC4Gb,swpmp,gtEOic,QBFzrf,sszRX,CvtcN,hKSk3e,oUdseb,sPwFo,iTsyac,Rsjrje,hc6Ubd,rNa50e,dWHZee,r3O6kf,CpMwL,Tnlgmf,QQnX0,KG2eXe,SpsfSb,Zz5Rse,cWjcJb,NNJERe,tfTN8c,o02Jie,SWlOAd,Cw0Hjd,LgZW9b,OdgxHf,ABMzYd,VwDzFe,zbML3c,vWBbe,alwr6,JECyjf,ixOrqc,dlck6b,HDvRde,Uas9Hd,BVgquf,a9EW5e,Z7OaKe,A7fCU,JGjVRe,hIO81e,UgAtXe,pjICDe, line 6864: Error: DisconnectedError, EndCause = 72
JavaScript error: https://meet.google.com/_/scs/mss-static/_/js/k=boq-rtc.MeetingsUi.en_US.PhdDbpWFlq4.2020.O/ck=boq-rtc.MeetingsUi.BMcfmfNPVVQ.L.F4.O/am=YQAgRAAAbQhw_2AGEDAAogQAADAAAuQDAEAMAAA0A2EG_weQEgAAoREAAAA3KCEBAg/d=1/exm=LEikZe,_b,_tp,byfTOb,lsjVmc/excm=_b,_tp,calldesktoppageview/ed=1/wt=2/ct=zgms/rs=AL5CKSEtvp5_Gpc2TAPNP_cUbBGfRsUHng/m=n73qwf,ws9Tlc,IZT63,e5qFLc,GkRiKb,UUJqVe,O1Gjze,xUdipf,blwjVc,fKUV3e,aurFic,COQbmf,U0aPgd,ZwDk9d,V3dDOb,XU5LFb,hl,rrm,c6KVyc,jKHFJb,mI3LFb,WO9ee,T6U9J,lHoXXe,SFhYHb,FMq9Lb,qIJF2,rsr,AePfdf,DCwKHe,RqS4qe,t8N1l,nUMwj,zmuYmd,Bmvled,mibVie,syIdOe,k2r0oe,OoSMve,KdcBrc,O6y8ed,NpD4ec,PrPYRd,O4tzsb,iWP1Yb,MpJwZc,O8k1Cd,NwH0H,OmgaI,HLo3Ef,x60fie,xiqEse,MsyKad,lazG7b,ma,kXiGjb,khenvb,azqyEc,W4cEdc,tQz2Ve,XVMNvd,L1AAkb,KUM7Z,rE6Mgd,Fl2dbf,fFdwef,Mh3sMc,ehbmDc,GcAaod,rn9YO,Y0bgVb,s39S4,lwddkf,gychg,w9hDv,RMhBfe,tgTcU,qCSYWe,lAg79c,TH1Apc,Ryzncf,SdcwHb,aW3pY,YLQSd,PQaYAf,P1S3zf,DM8swd,pw70Gc,EFQ78c,Ulmmrd,ZfAoz,Ivl8bd,mdR7q,kmkrAf,PGW6ue,CBlRxf,MdUzUe,I6YDgd,N5Lqpc,fgj8Rb,xQtZb,lPKSwe,y4Nztd,QIhFr,JNoxi,texUgd,MI6k7c,kjKdXe,pB6Zqd,llTWPd,FYCkde,rHjpXd,yDVVkb,E7GzYd,SF3gsd,FSOnAf,cilABe,jdrlZe,qexExd,DNsE7e,xGC4Gb,swpmp,gtEOic,QBFzrf,sszRX,CvtcN,hKSk3e,oUdseb,sPwFo,iTsyac,Rsjrje,hc6Ubd,rNa50e,dWHZee,r3O6kf,CpMwL,Tnlgmf,QQnX0,KG2eXe,SpsfSb,Zz5Rse,cWjcJb,NNJERe,tfTN8c,o02Jie,SWlOAd,Cw0Hjd,LgZW9b,OdgxHf,ABMzYd,VwDzFe,zbML3c,vWBbe,alwr6,JECyjf,ixOrqc,dlck6b,HDvRde,Uas9Hd,BVgquf,a9EW5e,Z7OaKe,A7fCU,JGjVRe,hIO81e,UgAtXe,pjICDe, line 6864: Error: DisconnectedError, EndCause = 72
JavaScript error: https://meet.google.com/_/scs/mss-static/_/js/k=boq-rtc.MeetingsUi.en_US.PhdDbpWFlq4.2020.O/ck=boq-rtc.MeetingsUi.BMcfmfNPVVQ.L.F4.O/am=YQAgRAAAbQhw_2AGEDAAogQAADAAAuQDAEAMAAA0A2EG_weQEgAAoREAAAA3KCEBAg/d=1/exm=LEikZe,_b,_tp,byfTOb,lsjVmc/excm=_b,_tp,calldesktoppageview/ed=1/wt=2/ct=zgms/rs=AL5CKSEtvp5_Gpc2TAPNP_cUbBGfRsUHng/m=n73qwf,ws9Tlc,IZT63,e5qFLc,GkRiKb,UUJqVe,O1Gjze,xUdipf,blwjVc,fKUV3e,aurFic,COQbmf,U0aPgd,ZwDk9d,V3dDOb,XU5LFb,hl,rrm,c6KVyc,jKHFJb,mI3LFb,WO9ee,T6U9J,lHoXXe,SFhYHb,FMq9Lb,qIJF2,rsr,AePfdf,DCwKHe,RqS4qe,t8N1l,nUMwj,zmuYmd,Bmvled,mibVie,syIdOe,k2r0oe,OoSMve,KdcBrc,O6y8ed,NpD4ec,PrPYRd,O4tzsb,iWP1Yb,MpJwZc,O8k1Cd,NwH0H,OmgaI,HLo3Ef,x60fie,xiqEse,MsyKad,lazG7b,ma,kXiGjb,khenvb,azqyEc,W4cEdc,tQz2Ve,XVMNvd,L1AAkb,KUM7Z,rE6Mgd,Fl2dbf,fFdwef,Mh3sMc,ehbmDc,GcAaod,rn9YO,Y0bgVb,s39S4,lwddkf,gychg,w9hDv,RMhBfe,tgTcU,qCSYWe,lAg79c,TH1Apc,Ryzncf,SdcwHb,aW3pY,YLQSd,PQaYAf,P1S3zf,DM8swd,pw70Gc,EFQ78c,Ulmmrd,ZfAoz,Ivl8bd,mdR7q,kmkrAf,PGW6ue,CBlRxf,MdUzUe,I6YDgd,N5Lqpc,fgj8Rb,xQtZb,lPKSwe,y4Nztd,QIhFr,JNoxi,texUgd,MI6k7c,kjKdXe,pB6Zqd,llTWPd,FYCkde,rHjpXd,yDVVkb,E7GzYd,SF3gsd,FSOnAf,cilABe,jdrlZe,qexExd,DNsE7e,xGC4Gb,swpmp,gtEOic,QBFzrf,sszRX,CvtcN,hKSk3e,oUdseb,sPwFo,iTsyac,Rsjrje,hc6Ubd,rNa50e,dWHZee,r3O6kf,CpMwL,Tnlgmf,QQnX0,KG2eXe,SpsfSb,Zz5Rse,cWjcJb,NNJERe,tfTN8c,o02Jie,SWlOAd,Cw0Hjd,LgZW9b,OdgxHf,ABMzYd,VwDzFe,zbML3c,vWBbe,alwr6,JECyjf,ixOrqc,dlck6b,HDvRde,Uas9Hd,BVgquf,a9EW5e,Z7OaKe,A7fCU,JGjVRe,hIO81e,UgAtXe,pjICDe, line 6864: Error: DisconnectedError, EndCause = 72
JavaScript error: https://meet.google.com/_/scs/mss-static/_/js/k=boq-rtc.MeetingsUi.en_US.PhdDbpWFlq4.2020.O/ck=boq-rtc.MeetingsUi.BMcfmfNPVVQ.L.F4.O/am=YQAgRAAAbQhw_2AGEDAAogQAADAAAuQDAEAMAAA0A2EG_weQEgAAoREAAAA3KCEBAg/d=1/exm=LEikZe,_b,_tp,byfTOb,lsjVmc/excm=_b,_tp,calldesktoppageview/ed=1/wt=2/ct=zgms/rs=AL5CKSEtvp5_Gpc2TAPNP_cUbBGfRsUHng/m=n73qwf,ws9Tlc,IZT63,e5qFLc,GkRiKb,UUJqVe,O1Gjze,xUdipf,blwjVc,fKUV3e,aurFic,COQbmf,U0aPgd,ZwDk9d,V3dDOb,XU5LFb,hl,rrm,c6KVyc,jKHFJb,mI3LFb,WO9ee,T6U9J,lHoXXe,SFhYHb,FMq9Lb,qIJF2,rsr,AePfdf,DCwKHe,RqS4qe,t8N1l,nUMwj,zmuYmd,Bmvled,mibVie,syIdOe,k2r0oe,OoSMve,KdcBrc,O6y8ed,NpD4ec,PrPYRd,O4tzsb,iWP1Yb,MpJwZc,O8k1Cd,NwH0H,OmgaI,HLo3Ef,x60fie,xiqEse,MsyKad,lazG7b,ma,kXiGjb,khenvb,azqyEc,W4cEdc,tQz2Ve,XVMNvd,L1AAkb,KUM7Z,rE6Mgd,Fl2dbf,fFdwef,Mh3sMc,ehbmDc,GcAaod,rn9YO,Y0bgVb,s39S4,lwddkf,gychg,w9hDv,RMhBfe,tgTcU,qCSYWe,lAg79c,TH1Apc,Ryzncf,SdcwHb,aW3pY,YLQSd,PQaYAf,P1S3zf,DM8swd,pw70Gc,EFQ78c,Ulmmrd,ZfAoz,Ivl8bd,mdR7q,kmkrAf,PGW6ue,CBlRxf,MdUzUe,I6YDgd,N5Lqpc,fgj8Rb,xQtZb,lPKSwe,y4Nztd,QIhFr,JNoxi,texUgd,MI6k7c,kjKdXe,pB6Zqd,llTWPd,FYCkde,rHjpXd,yDVVkb,E7GzYd,SF3gsd,FSOnAf,cilABe,jdrlZe,qexExd,DNsE7e,xGC4Gb,swpmp,gtEOic,QBFzrf,sszRX,CvtcN,hKSk3e,oUdseb,sPwFo,iTsyac,Rsjrje,hc6Ubd,rNa50e,dWHZee,r3O6kf,CpMwL,Tnlgmf,QQnX0,KG2eXe,SpsfSb,Zz5Rse,cWjcJb,NNJERe,tfTN8c,o02Jie,SWlOAd,Cw0Hjd,LgZW9b,OdgxHf,ABMzYd,VwDzFe,zbML3c,vWBbe,alwr6,JECyjf,ixOrqc,dlck6b,HDvRde,Uas9Hd,BVgquf,a9EW5e,Z7OaKe,A7fCU,JGjVRe,hIO81e,UgAtXe,pjICDe, line 6864: Error: startupCode: 200, error = {
  Aa = 403
  Da = {
    alt-svc = "h3-29=":443"; ma=2592000,h3-T051=":443"; ma=2592000,h3-Q050=":443"; ma=2592000,h3-Q046=":443"; ma=2592000,h3-Q043=":443"; ma=2592000,quic=":443"; ma=2592000; v="46,43""
    cache-control = "private"
    content-encoding = "gzip"
    content-length = "59"
    content-type = "application/x-protobuf"
    date = "Thu, 25 Feb 2021 16:04:17 GMT"
    server = "ESF"
    vary = "Origin, X-Origin, Referer"
    x-content-type-options = "nosniff"
    x-firefox-spdy = "h2"
    x-frame-options = "SAMEORIGIN"
    x-xss-protection = "0"
    closure_uid_676702748 = 64
  }
  Tj = NULL
  Ha = {
    Kba = 39
    closure_uid_676702748 = 65
  }
  Ba = {
    Aa = {
      3 = {
        closure_uid_676702748 = 68
      }
      closure_uid_676702748 = 67
    }
    Ha = undefined
    Pa = -1
    Ca = {
      0 = 7
      1 = "The caller does not have permission"
      2 = {
        closure_uid_676702748 = 70
      }
      closure_uid_676702748 = 69
    }
    Ra = 1.7976931348623157e+308
    Ta = {
      closure_uid_676702748 = 71
    }
    closure_uid_676702748 = 66
    qd = "v3Bbmc"
  }
  Ja = NULL
  Ca = NULL
  closure_uid_676702748 = 63
}
JavaScript error: https://meet.google.com/_/scs/mss-static/_/js/k=boq-rtc.MeetingsUi.en_US.PhdDbpWFlq4.2020.O/ck=boq-rtc.MeetingsUi.BMcfmfNPVVQ.L.F4.O/am=YQAgRAAAbQhw_2AGEDAAogQAADAAAuQDAEAMAAA0A2EG_weQEgAAoREAAAA3KCEBAg/d=1/exm=LEikZe,_b,_tp,byfTOb,lsjVmc/excm=_b,_tp,calldesktoppageview/ed=1/wt=2/ct=zgms/rs=AL5CKSEtvp5_Gpc2TAPNP_cUbBGfRsUHng/m=n73qwf,ws9Tlc,IZT63,e5qFLc,GkRiKb,UUJqVe,O1Gjze,xUdipf,blwjVc,fKUV3e,aurFic,COQbmf,U0aPgd,ZwDk9d,V3dDOb,XU5LFb,hl,rrm,c6KVyc,jKHFJb,mI3LFb,WO9ee,T6U9J,lHoXXe,SFhYHb,FMq9Lb,qIJF2,rsr,AePfdf,DCwKHe,RqS4qe,t8N1l,nUMwj,zmuYmd,Bmvled,mibVie,syIdOe,k2r0oe,OoSMve,KdcBrc,O6y8ed,NpD4ec,PrPYRd,O4tzsb,iWP1Yb,MpJwZc,O8k1Cd,NwH0H,OmgaI,HLo3Ef,x60fie,xiqEse,MsyKad,lazG7b,ma,kXiGjb,khenvb,azqyEc,W4cEdc,tQz2Ve,XVMNvd,L1AAkb,KUM7Z,rE6Mgd,Fl2dbf,fFdwef,Mh3sMc,ehbmDc,GcAaod,rn9YO,Y0bgVb,s39S4,lwddkf,gychg,w9hDv,RMhBfe,tgTcU,qCSYWe,lAg79c,TH1Apc,Ryzncf,SdcwHb,aW3pY,YLQSd,PQaYAf,P1S3zf,DM8swd,pw70Gc,EFQ78c,Ulmmrd,ZfAoz,Ivl8bd,mdR7q,kmkrAf,PGW6ue,CBlRxf,MdUzUe,I6YDgd,N5Lqpc,fgj8Rb,xQtZb,lPKSwe,y4Nztd,QIhFr,JNoxi,texUgd,MI6k7c,kjKdXe,pB6Zqd,llTWPd,FYCkde,rHjpXd,yDVVkb,E7GzYd,SF3gsd,FSOnAf,cilABe,jdrlZe,qexExd,DNsE7e,xGC4Gb,swpmp,gtEOic,QBFzrf,sszRX,CvtcN,hKSk3e,oUdseb,sPwFo,iTsyac,Rsjrje,hc6Ubd,rNa50e,dWHZee,r3O6kf,CpMwL,Tnlgmf,QQnX0,KG2eXe,SpsfSb,Zz5Rse,cWjcJb,NNJERe,tfTN8c,o02Jie,SWlOAd,Cw0Hjd,LgZW9b,OdgxHf,ABMzYd,VwDzFe,zbML3c,vWBbe,alwr6,JECyjf,ixOrqc,dlck6b,HDvRde,Uas9Hd,BVgquf,a9EW5e,Z7OaKe,A7fCU,JGjVRe,hIO81e,UgAtXe,pjICDe, line 6864: Error: DisconnectedError, EndCause = 72
JavaScript error: https://meet.google.com/_/scs/mss-static/_/js/k=boq-rtc.MeetingsUi.en_US.PhdDbpWFlq4.2020.O/ck=boq-rtc.MeetingsUi.BMcfmfNPVVQ.L.F4.O/am=YQAgRAAAbQhw_2AGEDAAogQAADAAAuQDAEAMAAA0A2EG_weQEgAAoREAAAA3KCEBAg/d=1/exm=LEikZe,_b,_tp,byfTOb,lsjVmc/excm=_b,_tp,calldesktoppageview/ed=1/wt=2/ct=zgms/rs=AL5CKSEtvp5_Gpc2TAPNP_cUbBGfRsUHng/m=n73qwf,ws9Tlc,IZT63,e5qFLc,GkRiKb,UUJqVe,O1Gjze,xUdipf,blwjVc,fKUV3e,aurFic,COQbmf,U0aPgd,ZwDk9d,V3dDOb,XU5LFb,hl,rrm,c6KVyc,jKHFJb,mI3LFb,WO9ee,T6U9J,lHoXXe,SFhYHb,FMq9Lb,qIJF2,rsr,AePfdf,DCwKHe,RqS4qe,t8N1l,nUMwj,zmuYmd,Bmvled,mibVie,syIdOe,k2r0oe,OoSMve,KdcBrc,O6y8ed,NpD4ec,PrPYRd,O4tzsb,iWP1Yb,MpJwZc,O8k1Cd,NwH0H,OmgaI,HLo3Ef,x60fie,xiqEse,MsyKad,lazG7b,ma,kXiGjb,khenvb,azqyEc,W4cEdc,tQz2Ve,XVMNvd,L1AAkb,KUM7Z,rE6Mgd,Fl2dbf,fFdwef,Mh3sMc,ehbmDc,GcAaod,rn9YO,Y0bgVb,s39S4,lwddkf,gychg,w9hDv,RMhBfe,tgTcU,qCSYWe,lAg79c,TH1Apc,Ryzncf,SdcwHb,aW3pY,YLQSd,PQaYAf,P1S3zf,DM8swd,pw70Gc,EFQ78c,Ulmmrd,ZfAoz,Ivl8bd,mdR7q,kmkrAf,PGW6ue,CBlRxf,MdUzUe,I6YDgd,N5Lqpc,fgj8Rb,xQtZb,lPKSwe,y4Nztd,QIhFr,JNoxi,texUgd,MI6k7c,kjKdXe,pB6Zqd,llTWPd,FYCkde,rHjpXd,yDVVkb,E7GzYd,SF3gsd,FSOnAf,cilABe,jdrlZe,qexExd,DNsE7e,xGC4Gb,swpmp,gtEOic,QBFzrf,sszRX,CvtcN,hKSk3e,oUdseb,sPwFo,iTsyac,Rsjrje,hc6Ubd,rNa50e,dWHZee,r3O6kf,CpMwL,Tnlgmf,QQnX0,KG2eXe,SpsfSb,Zz5Rse,cWjcJb,NNJERe,tfTN8c,o02Jie,SWlOAd,Cw0Hjd,LgZW9b,OdgxHf,ABMzYd,VwDzFe,zbML3c,vWBbe,alwr6,JECyjf,ixOrqc,dlck6b,HDvRde,Uas9Hd,BVgquf,a9EW5e,Z7OaKe,A7fCU,JGjVRe,hIO81e,UgAtXe,pjICDe, line 6864: Error: DisconnectedError, EndCause = 72
JavaScript error: , line 0: uncaught exception: Object
JavaScript error: , line 0: uncaught exception: Object
JavaScript error: , line 0: uncaught exception: Object
JavaScript error: , line 0: uncaught exception: Object
JavaScript error: , line 0: uncaught exception: Object
JavaScript error: , line 0: uncaught exception: Object
1614269063433	Marionette	INFO	Stopped listening on port 44689

###!!! [Child][MessageChannel] Error: (msgtype=0x82000B,name=PRDD::Msg_InitCrashReporter) Channel error: cannot send/recv

1614269098968	geckodriver	INFO	Listening on 127.0.0.1:41633
1614269099091	mozrunner::runner	INFO	Running command: "/usr/bin/firefox" "--marionette" "-foreground" "-no-remote" "-profile" "/tmp/rust_mozprofiletTNat7"
console.warn: SearchSettings: "get: No settings file exists, new profile?" (new Error("", "(unknown module)"))
1614269136114	Marionette	INFO	Listening on port 41425
1614269136966	Marionette	WARN	TLS certificate errors will be ignored for this session
1614269137236	Marionette	ERROR	[18] No reply from Marionette:Register
console.warn: SearchSettings: "get: No settings file exists, new profile?" (new Error("", "(unknown module)"))
JavaScript error: https://meet.google.com/_/scs/mss-static/_/js/k=boq-rtc.MeetingsUi.en_US.PhdDbpWFlq4.2020.O/ck=boq-rtc.MeetingsUi.BMcfmfNPVVQ.L.F4.O/am=YQAgRAAAbQhwv2AGEDAAogQAADAAAuQDAEAMAAA0A2EG_weQEgAAoREAAAAnKCEBAg/d=1/exm=LEikZe,_b,_tp,byfTOb,lsjVmc/excm=_b,_tp,calldesktoppageview/ed=1/wt=2/ct=zgms/rs=AL5CKSFRBng62JrUAJ3ONjKylmVcjkwS0w/m=n73qwf,ws9Tlc,IZT63,e5qFLc,GkRiKb,UUJqVe,O1Gjze,xUdipf,blwjVc,fKUV3e,aurFic,COQbmf,U0aPgd,ZwDk9d,V3dDOb,XU5LFb,hl,rrm,c6KVyc,jKHFJb,mI3LFb,WO9ee,T6U9J,lHoXXe,SFhYHb,FMq9Lb,qIJF2,rsr,AePfdf,DCwKHe,RqS4qe,t8N1l,nUMwj,zmuYmd,Bmvled,mibVie,syIdOe,k2r0oe,OoSMve,KdcBrc,O6y8ed,NpD4ec,PrPYRd,O4tzsb,iWP1Yb,MpJwZc,O8k1Cd,NwH0H,OmgaI,HLo3Ef,x60fie,xiqEse,MsyKad,lazG7b,ma,kXiGjb,khenvb,azqyEc,W4cEdc,tQz2Ve,XVMNvd,L1AAkb,KUM7Z,rE6Mgd,Fl2dbf,fFdwef,Mh3sMc,ehbmDc,GcAaod,rn9YO,Y0bgVb,s39S4,lwddkf,gychg,w9hDv,RMhBfe,tgTcU,qCSYWe,lAg79c,TH1Apc,Ryzncf,SdcwHb,aW3pY,YLQSd,PQaYAf,P1S3zf,DM8swd,pw70Gc,EFQ78c,Ulmmrd,ZfAoz,Ivl8bd,mdR7q,kmkrAf,PGW6ue,CBlRxf,MdUzUe,I6YDgd,N5Lqpc,fgj8Rb,xQtZb,lPKSwe,y4Nztd,QIhFr,JNoxi,texUgd,MI6k7c,kjKdXe,pB6Zqd,llTWPd,FYCkde,rHjpXd,yDVVkb,E7GzYd,SF3gsd,FSOnAf,cilABe,jdrlZe,qexExd,DNsE7e,xGC4Gb,swpmp,gtEOic,QBFzrf,sszRX,CvtcN,hKSk3e,oUdseb,sPwFo,iTsyac,Rsjrje,hc6Ubd,rNa50e,dWHZee,r3O6kf,CpMwL,Tnlgmf,QQnX0,KG2eXe,SpsfSb,Zz5Rse,cWjcJb,NNJERe,tfTN8c,o02Jie,SWlOAd,Cw0Hjd,LgZW9b,OdgxHf,ABMzYd,VwDzFe,zbML3c,vWBbe,alwr6,JECyjf,ixOrqc,dlck6b,HDvRde,Uas9Hd,BVgquf,a9EW5e,Z7OaKe,A7fCU,JGjVRe,hIO81e,UgAtXe,pjICDe, line 6853: Error: DisconnectedError, EndCause = 72
JavaScript error: https://meet.google.com/_/scs/mss-static/_/js/k=boq-rtc.MeetingsUi.en_US.PhdDbpWFlq4.2020.O/ck=boq-rtc.MeetingsUi.BMcfmfNPVVQ.L.F4.O/am=YQAgRAAAbQhwv2AGEDAAogQAADAAAuQDAEAMAAA0A2EG_weQEgAAoREAAAAnKCEBAg/d=1/exm=LEikZe,_b,_tp,byfTOb,lsjVmc/excm=_b,_tp,calldesktoppageview/ed=1/wt=2/ct=zgms/rs=AL5CKSFRBng62JrUAJ3ONjKylmVcjkwS0w/m=n73qwf,ws9Tlc,IZT63,e5qFLc,GkRiKb,UUJqVe,O1Gjze,xUdipf,blwjVc,fKUV3e,aurFic,COQbmf,U0aPgd,ZwDk9d,V3dDOb,XU5LFb,hl,rrm,c6KVyc,jKHFJb,mI3LFb,WO9ee,T6U9J,lHoXXe,SFhYHb,FMq9Lb,qIJF2,rsr,AePfdf,DCwKHe,RqS4qe,t8N1l,nUMwj,zmuYmd,Bmvled,mibVie,syIdOe,k2r0oe,OoSMve,KdcBrc,O6y8ed,NpD4ec,PrPYRd,O4tzsb,iWP1Yb,MpJwZc,O8k1Cd,NwH0H,OmgaI,HLo3Ef,x60fie,xiqEse,MsyKad,lazG7b,ma,kXiGjb,khenvb,azqyEc,W4cEdc,tQz2Ve,XVMNvd,L1AAkb,KUM7Z,rE6Mgd,Fl2dbf,fFdwef,Mh3sMc,ehbmDc,GcAaod,rn9YO,Y0bgVb,s39S4,lwddkf,gychg,w9hDv,RMhBfe,tgTcU,qCSYWe,lAg79c,TH1Apc,Ryzncf,SdcwHb,aW3pY,YLQSd,PQaYAf,P1S3zf,DM8swd,pw70Gc,EFQ78c,Ulmmrd,ZfAoz,Ivl8bd,mdR7q,kmkrAf,PGW6ue,CBlRxf,MdUzUe,I6YDgd,N5Lqpc,fgj8Rb,xQtZb,lPKSwe,y4Nztd,QIhFr,JNoxi,texUgd,MI6k7c,kjKdXe,pB6Zqd,llTWPd,FYCkde,rHjpXd,yDVVkb,E7GzYd,SF3gsd,FSOnAf,cilABe,jdrlZe,qexExd,DNsE7e,xGC4Gb,swpmp,gtEOic,QBFzrf,sszRX,CvtcN,hKSk3e,oUdseb,sPwFo,iTsyac,Rsjrje,hc6Ubd,rNa50e,dWHZee,r3O6kf,CpMwL,Tnlgmf,QQnX0,KG2eXe,SpsfSb,Zz5Rse,cWjcJb,NNJERe,tfTN8c,o02Jie,SWlOAd,Cw0Hjd,LgZW9b,OdgxHf,ABMzYd,VwDzFe,zbML3c,vWBbe,alwr6,JECyjf,ixOrqc,dlck6b,HDvRde,Uas9Hd,BVgquf,a9EW5e,Z7OaKe,A7fCU,JGjVRe,hIO81e,UgAtXe,pjICDe, line 6853: Error: DisconnectedError, EndCause = 72
JavaScript error: https://meet.google.com/_/scs/mss-static/_/js/k=boq-rtc.MeetingsUi.en_US.PhdDbpWFlq4.2020.O/ck=boq-rtc.MeetingsUi.BMcfmfNPVVQ.L.F4.O/am=YQAgRAAAbQhwv2AGEDAAogQAADAAAuQDAEAMAAA0A2EG_weQEgAAoREAAAAnKCEBAg/d=1/exm=LEikZe,_b,_tp,byfTOb,lsjVmc/excm=_b,_tp,calldesktoppageview/ed=1/wt=2/ct=zgms/rs=AL5CKSFRBng62JrUAJ3ONjKylmVcjkwS0w/m=n73qwf,ws9Tlc,IZT63,e5qFLc,GkRiKb,UUJqVe,O1Gjze,xUdipf,blwjVc,fKUV3e,aurFic,COQbmf,U0aPgd,ZwDk9d,V3dDOb,XU5LFb,hl,rrm,c6KVyc,jKHFJb,mI3LFb,WO9ee,T6U9J,lHoXXe,SFhYHb,FMq9Lb,qIJF2,rsr,AePfdf,DCwKHe,RqS4qe,t8N1l,nUMwj,zmuYmd,Bmvled,mibVie,syIdOe,k2r0oe,OoSMve,KdcBrc,O6y8ed,NpD4ec,PrPYRd,O4tzsb,iWP1Yb,MpJwZc,O8k1Cd,NwH0H,OmgaI,HLo3Ef,x60fie,xiqEse,MsyKad,lazG7b,ma,kXiGjb,khenvb,azqyEc,W4cEdc,tQz2Ve,XVMNvd,L1AAkb,KUM7Z,rE6Mgd,Fl2dbf,fFdwef,Mh3sMc,ehbmDc,GcAaod,rn9YO,Y0bgVb,s39S4,lwddkf,gychg,w9hDv,RMhBfe,tgTcU,qCSYWe,lAg79c,TH1Apc,Ryzncf,SdcwHb,aW3pY,YLQSd,PQaYAf,P1S3zf,DM8swd,pw70Gc,EFQ78c,Ulmmrd,ZfAoz,Ivl8bd,mdR7q,kmkrAf,PGW6ue,CBlRxf,MdUzUe,I6YDgd,N5Lqpc,fgj8Rb,xQtZb,lPKSwe,y4Nztd,QIhFr,JNoxi,texUgd,MI6k7c,kjKdXe,pB6Zqd,llTWPd,FYCkde,rHjpXd,yDVVkb,E7GzYd,SF3gsd,FSOnAf,cilABe,jdrlZe,qexExd,DNsE7e,xGC4Gb,swpmp,gtEOic,QBFzrf,sszRX,CvtcN,hKSk3e,oUdseb,sPwFo,iTsyac,Rsjrje,hc6Ubd,rNa50e,dWHZee,r3O6kf,CpMwL,Tnlgmf,QQnX0,KG2eXe,SpsfSb,Zz5Rse,cWjcJb,NNJERe,tfTN8c,o02Jie,SWlOAd,Cw0Hjd,LgZW9b,OdgxHf,ABMzYd,VwDzFe,zbML3c,vWBbe,alwr6,JECyjf,ixOrqc,dlck6b,HDvRde,Uas9Hd,BVgquf,a9EW5e,Z7OaKe,A7fCU,JGjVRe,hIO81e,UgAtXe,pjICDe, line 6853: Error: DisconnectedError, EndCause = 72
JavaScript error: https://meet.google.com/_/scs/mss-static/_/js/k=boq-rtc.MeetingsUi.en_US.PhdDbpWFlq4.2020.O/ck=boq-rtc.MeetingsUi.BMcfmfNPVVQ.L.F4.O/am=YQAgRAAAbQhwv2AGEDAAogQAADAAAuQDAEAMAAA0A2EG_weQEgAAoREAAAAnKCEBAg/d=1/exm=LEikZe,_b,_tp,byfTOb,lsjVmc/excm=_b,_tp,calldesktoppageview/ed=1/wt=2/ct=zgms/rs=AL5CKSFRBng62JrUAJ3ONjKylmVcjkwS0w/m=n73qwf,ws9Tlc,IZT63,e5qFLc,GkRiKb,UUJqVe,O1Gjze,xUdipf,blwjVc,fKUV3e,aurFic,COQbmf,U0aPgd,ZwDk9d,V3dDOb,XU5LFb,hl,rrm,c6KVyc,jKHFJb,mI3LFb,WO9ee,T6U9J,lHoXXe,SFhYHb,FMq9Lb,qIJF2,rsr,AePfdf,DCwKHe,RqS4qe,t8N1l,nUMwj,zmuYmd,Bmvled,mibVie,syIdOe,k2r0oe,OoSMve,KdcBrc,O6y8ed,NpD4ec,PrPYRd,O4tzsb,iWP1Yb,MpJwZc,O8k1Cd,NwH0H,OmgaI,HLo3Ef,x60fie,xiqEse,MsyKad,lazG7b,ma,kXiGjb,khenvb,azqyEc,W4cEdc,tQz2Ve,XVMNvd,L1AAkb,KUM7Z,rE6Mgd,Fl2dbf,fFdwef,Mh3sMc,ehbmDc,GcAaod,rn9YO,Y0bgVb,s39S4,lwddkf,gychg,w9hDv,RMhBfe,tgTcU,qCSYWe,lAg79c,TH1Apc,Ryzncf,SdcwHb,aW3pY,YLQSd,PQaYAf,P1S3zf,DM8swd,pw70Gc,EFQ78c,Ulmmrd,ZfAoz,Ivl8bd,mdR7q,kmkrAf,PGW6ue,CBlRxf,MdUzUe,I6YDgd,N5Lqpc,fgj8Rb,xQtZb,lPKSwe,y4Nztd,QIhFr,JNoxi,texUgd,MI6k7c,kjKdXe,pB6Zqd,llTWPd,FYCkde,rHjpXd,yDVVkb,E7GzYd,SF3gsd,FSOnAf,cilABe,jdrlZe,qexExd,DNsE7e,xGC4Gb,swpmp,gtEOic,QBFzrf,sszRX,CvtcN,hKSk3e,oUdseb,sPwFo,iTsyac,Rsjrje,hc6Ubd,rNa50e,dWHZee,r3O6kf,CpMwL,Tnlgmf,QQnX0,KG2eXe,SpsfSb,Zz5Rse,cWjcJb,NNJERe,tfTN8c,o02Jie,SWlOAd,Cw0Hjd,LgZW9b,OdgxHf,ABMzYd,VwDzFe,zbML3c,vWBbe,alwr6,JECyjf,ixOrqc,dlck6b,HDvRde,Uas9Hd,BVgquf,a9EW5e,Z7OaKe,A7fCU,JGjVRe,hIO81e,UgAtXe,pjICDe, line 6853: Error: DisconnectedError, EndCause = 72
JavaScript error: https://meet.google.com/_/scs/mss-static/_/js/k=boq-rtc.MeetingsUi.en_US.PhdDbpWFlq4.2020.O/ck=boq-rtc.MeetingsUi.BMcfmfNPVVQ.L.F4.O/am=YQAgRAAAbQhwv2AGEDAAogQAADAAAuQDAEAMAAA0A2EG_weQEgAAoREAAAAnKCEBAg/d=1/exm=LEikZe,_b,_tp,byfTOb,lsjVmc/excm=_b,_tp,calldesktoppageview/ed=1/wt=2/ct=zgms/rs=AL5CKSFRBng62JrUAJ3ONjKylmVcjkwS0w/m=n73qwf,ws9Tlc,IZT63,e5qFLc,GkRiKb,UUJqVe,O1Gjze,xUdipf,blwjVc,fKUV3e,aurFic,COQbmf,U0aPgd,ZwDk9d,V3dDOb,XU5LFb,hl,rrm,c6KVyc,jKHFJb,mI3LFb,WO9ee,T6U9J,lHoXXe,SFhYHb,FMq9Lb,qIJF2,rsr,AePfdf,DCwKHe,RqS4qe,t8N1l,nUMwj,zmuYmd,Bmvled,mibVie,syIdOe,k2r0oe,OoSMve,KdcBrc,O6y8ed,NpD4ec,PrPYRd,O4tzsb,iWP1Yb,MpJwZc,O8k1Cd,NwH0H,OmgaI,HLo3Ef,x60fie,xiqEse,MsyKad,lazG7b,ma,kXiGjb,khenvb,azqyEc,W4cEdc,tQz2Ve,XVMNvd,L1AAkb,KUM7Z,rE6Mgd,Fl2dbf,fFdwef,Mh3sMc,ehbmDc,GcAaod,rn9YO,Y0bgVb,s39S4,lwddkf,gychg,w9hDv,RMhBfe,tgTcU,qCSYWe,lAg79c,TH1Apc,Ryzncf,SdcwHb,aW3pY,YLQSd,PQaYAf,P1S3zf,DM8swd,pw70Gc,EFQ78c,Ulmmrd,ZfAoz,Ivl8bd,mdR7q,kmkrAf,PGW6ue,CBlRxf,MdUzUe,I6YDgd,N5Lqpc,fgj8Rb,xQtZb,lPKSwe,y4Nztd,QIhFr,JNoxi,texUgd,MI6k7c,kjKdXe,pB6Zqd,llTWPd,FYCkde,rHjpXd,yDVVkb,E7GzYd,SF3gsd,FSOnAf,cilABe,jdrlZe,qexExd,DNsE7e,xGC4Gb,swpmp,gtEOic,QBFzrf,sszRX,CvtcN,hKSk3e,oUdseb,sPwFo,iTsyac,Rsjrje,hc6Ubd,rNa50e,dWHZee,r3O6kf,CpMwL,Tnlgmf,QQnX0,KG2eXe,SpsfSb,Zz5Rse,cWjcJb,NNJERe,tfTN8c,o02Jie,SWlOAd,Cw0Hjd,LgZW9b,OdgxHf,ABMzYd,VwDzFe,zbML3c,vWBbe,alwr6,JECyjf,ixOrqc,dlck6b,HDvRde,Uas9Hd,BVgquf,a9EW5e,Z7OaKe,A7fCU,JGjVRe,hIO81e,UgAtXe,pjICDe, line 6853: Error: startupCode: 200, error = {
  Aa = 403
  Da = {
    alt-svc = "h3-29=":443"; ma=2592000,h3-T051=":443"; ma=2592000,h3-Q050=":443"; ma=2592000,h3-Q046=":443"; ma=2592000,h3-Q043=":443"; ma=2592000,quic=":443"; ma=2592000; v="46,43""
    cache-control = "private"
    content-encoding = "gzip"
    content-length = "59"
    content-type = "application/x-protobuf"
    date = "Thu, 25 Feb 2021 16:06:21 GMT"
    server = "ESF"
    vary = "Origin, X-Origin, Referer"
    x-content-type-options = "nosniff"
    x-firefox-spdy = "h2"
    x-frame-options = "SAMEORIGIN"
    x-xss-protection = "0"
    closure_uid_140176451 = 64
  }
  Tj = NULL
  Ha = {
    Kba = 39
    closure_uid_140176451 = 65
  }
  Ba = {
    Aa = {
      3 = {
        closure_uid_140176451 = 68
      }
      closure_uid_140176451 = 67
    }
    Ha = undefined
    Pa = -1
    Ca = {
      0 = 7
      1 = "The caller does not have permission"
      2 = {
        closure_uid_140176451 = 70
      }
      closure_uid_140176451 = 69
    }
    Ra = 1.7976931348623157e+308
    Ta = {
      closure_uid_140176451 = 71
    }
    closure_uid_140176451 = 66
    qd = "v3Bbmc"
  }
  Ja = NULL
  Ca = NULL
  closure_uid_140176451 = 63
}
JavaScript error: https://meet.google.com/_/scs/mss-static/_/js/k=boq-rtc.MeetingsUi.en_US.PhdDbpWFlq4.2020.O/ck=boq-rtc.MeetingsUi.BMcfmfNPVVQ.L.F4.O/am=YQAgRAAAbQhwv2AGEDAAogQAADAAAuQDAEAMAAA0A2EG_weQEgAAoREAAAAnKCEBAg/d=1/exm=LEikZe,_b,_tp,byfTOb,lsjVmc/excm=_b,_tp,calldesktoppageview/ed=1/wt=2/ct=zgms/rs=AL5CKSFRBng62JrUAJ3ONjKylmVcjkwS0w/m=n73qwf,ws9Tlc,IZT63,e5qFLc,GkRiKb,UUJqVe,O1Gjze,xUdipf,blwjVc,fKUV3e,aurFic,COQbmf,U0aPgd,ZwDk9d,V3dDOb,XU5LFb,hl,rrm,c6KVyc,jKHFJb,mI3LFb,WO9ee,T6U9J,lHoXXe,SFhYHb,FMq9Lb,qIJF2,rsr,AePfdf,DCwKHe,RqS4qe,t8N1l,nUMwj,zmuYmd,Bmvled,mibVie,syIdOe,k2r0oe,OoSMve,KdcBrc,O6y8ed,NpD4ec,PrPYRd,O4tzsb,iWP1Yb,MpJwZc,O8k1Cd,NwH0H,OmgaI,HLo3Ef,x60fie,xiqEse,MsyKad,lazG7b,ma,kXiGjb,khenvb,azqyEc,W4cEdc,tQz2Ve,XVMNvd,L1AAkb,KUM7Z,rE6Mgd,Fl2dbf,fFdwef,Mh3sMc,ehbmDc,GcAaod,rn9YO,Y0bgVb,s39S4,lwddkf,gychg,w9hDv,RMhBfe,tgTcU,qCSYWe,lAg79c,TH1Apc,Ryzncf,SdcwHb,aW3pY,YLQSd,PQaYAf,P1S3zf,DM8swd,pw70Gc,EFQ78c,Ulmmrd,ZfAoz,Ivl8bd,mdR7q,kmkrAf,PGW6ue,CBlRxf,MdUzUe,I6YDgd,N5Lqpc,fgj8Rb,xQtZb,lPKSwe,y4Nztd,QIhFr,JNoxi,texUgd,MI6k7c,kjKdXe,pB6Zqd,llTWPd,FYCkde,rHjpXd,yDVVkb,E7GzYd,SF3gsd,FSOnAf,cilABe,jdrlZe,qexExd,DNsE7e,xGC4Gb,swpmp,gtEOic,QBFzrf,sszRX,CvtcN,hKSk3e,oUdseb,sPwFo,iTsyac,Rsjrje,hc6Ubd,rNa50e,dWHZee,r3O6kf,CpMwL,Tnlgmf,QQnX0,KG2eXe,SpsfSb,Zz5Rse,cWjcJb,NNJERe,tfTN8c,o02Jie,SWlOAd,Cw0Hjd,LgZW9b,OdgxHf,ABMzYd,VwDzFe,zbML3c,vWBbe,alwr6,JECyjf,ixOrqc,dlck6b,HDvRde,Uas9Hd,BVgquf,a9EW5e,Z7OaKe,A7fCU,JGjVRe,hIO81e,UgAtXe,pjICDe, line 6853: Error: DisconnectedError, EndCause = 72
JavaScript error: https://meet.google.com/_/scs/mss-static/_/js/k=boq-rtc.MeetingsUi.en_US.PhdDbpWFlq4.2020.O/ck=boq-rtc.MeetingsUi.BMcfmfNPVVQ.L.F4.O/am=YQAgRAAAbQhwv2AGEDAAogQAADAAAuQDAEAMAAA0A2EG_weQEgAAoREAAAAnKCEBAg/d=1/exm=LEikZe,_b,_tp,byfTOb,lsjVmc/excm=_b,_tp,calldesktoppageview/ed=1/wt=2/ct=zgms/rs=AL5CKSFRBng62JrUAJ3ONjKylmVcjkwS0w/m=n73qwf,ws9Tlc,IZT63,e5qFLc,GkRiKb,UUJqVe,O1Gjze,xUdipf,blwjVc,fKUV3e,aurFic,COQbmf,U0aPgd,ZwDk9d,V3dDOb,XU5LFb,hl,rrm,c6KVyc,jKHFJb,mI3LFb,WO9ee,T6U9J,lHoXXe,SFhYHb,FMq9Lb,qIJF2,rsr,AePfdf,DCwKHe,RqS4qe,t8N1l,nUMwj,zmuYmd,Bmvled,mibVie,syIdOe,k2r0oe,OoSMve,KdcBrc,O6y8ed,NpD4ec,PrPYRd,O4tzsb,iWP1Yb,MpJwZc,O8k1Cd,NwH0H,OmgaI,HLo3Ef,x60fie,xiqEse,MsyKad,lazG7b,ma,kXiGjb,khenvb,azqyEc,W4cEdc,tQz2Ve,XVMNvd,L1AAkb,KUM7Z,rE6Mgd,Fl2dbf,fFdwef,Mh3sMc,ehbmDc,GcAaod,rn9YO,Y0bgVb,s39S4,lwddkf,gychg,w9hDv,RMhBfe,tgTcU,qCSYWe,lAg79c,TH1Apc,Ryzncf,SdcwHb,aW3pY,YLQSd,PQaYAf,P1S3zf,DM8swd,pw70Gc,EFQ78c,Ulmmrd,ZfAoz,Ivl8bd,mdR7q,kmkrAf,PGW6ue,CBlRxf,MdUzUe,I6YDgd,N5Lqpc,fgj8Rb,xQtZb,lPKSwe,y4Nztd,QIhFr,JNoxi,texUgd,MI6k7c,kjKdXe,pB6Zqd,llTWPd,FYCkde,rHjpXd,yDVVkb,E7GzYd,SF3gsd,FSOnAf,cilABe,jdrlZe,qexExd,DNsE7e,xGC4Gb,swpmp,gtEOic,QBFzrf,sszRX,CvtcN,hKSk3e,oUdseb,sPwFo,iTsyac,Rsjrje,hc6Ubd,rNa50e,dWHZee,r3O6kf,CpMwL,Tnlgmf,QQnX0,KG2eXe,SpsfSb,Zz5Rse,cWjcJb,NNJERe,tfTN8c,o02Jie,SWlOAd,Cw0Hjd,LgZW9b,OdgxHf,ABMzYd,VwDzFe,zbML3c,vWBbe,alwr6,JECyjf,ixOrqc,dlck6b,HDvRde,Uas9Hd,BVgquf,a9EW5e,Z7OaKe,A7fCU,JGjVRe,hIO81e,UgAtXe,pjICDe, line 6853: Error: DisconnectedError, EndCause = 72
JavaScript error: , line 0: uncaught exception: Object
JavaScript error: , line 0: uncaught exception: Object
JavaScript error: , line 0: uncaught exception: Object
JavaScript error: , line 0: uncaught exception: Object
JavaScript error: , line 0: uncaught exception: Object
JavaScript error: , line 0: uncaught exception: Object
JavaScript error: , line 0: uncaught exception: Object
JavaScript error: https://meet.google.com/_/scs/mss-static/_/js/k=boq-rtc.MeetingsUi.en_US.PhdDbpWFlq4.2020.O/ck=boq-rtc.MeetingsUi.BMcfmfNPVVQ.L.F4.O/am=YQAgRAAAbQhwv2AGEDAAogQAADAAAuQDAEAMAAA0A2EG_weQEgAAoREAAAAnKCEBAg/d=1/exm=LEikZe,_b,_tp,byfTOb,lsjVmc/excm=_b,_tp,calldesktoppageview/ed=1/wt=2/ct=zgms/rs=AL5CKSFRBng62JrUAJ3ONjKylmVcjkwS0w/m=n73qwf,ws9Tlc,IZT63,e5qFLc,GkRiKb,UUJqVe,O1Gjze,xUdipf,blwjVc,fKUV3e,aurFic,COQbmf,U0aPgd,ZwDk9d,V3dDOb,XU5LFb,hl,rrm,c6KVyc,jKHFJb,mI3LFb,WO9ee,T6U9J,lHoXXe,SFhYHb,FMq9Lb,qIJF2,rsr,AePfdf,DCwKHe,RqS4qe,t8N1l,nUMwj,zmuYmd,Bmvled,mibVie,syIdOe,k2r0oe,OoSMve,KdcBrc,O6y8ed,NpD4ec,PrPYRd,O4tzsb,iWP1Yb,MpJwZc,O8k1Cd,NwH0H,OmgaI,HLo3Ef,x60fie,xiqEse,MsyKad,lazG7b,ma,kXiGjb,khenvb,azqyEc,W4cEdc,tQz2Ve,XVMNvd,L1AAkb,KUM7Z,rE6Mgd,Fl2dbf,fFdwef,Mh3sMc,ehbmDc,GcAaod,rn9YO,Y0bgVb,s39S4,lwddkf,gychg,w9hDv,RMhBfe,tgTcU,qCSYWe,lAg79c,TH1Apc,Ryzncf,SdcwHb,aW3pY,YLQSd,PQaYAf,P1S3zf,DM8swd,pw70Gc,EFQ78c,Ulmmrd,ZfAoz,Ivl8bd,mdR7q,kmkrAf,PGW6ue,CBlRxf,MdUzUe,I6YDgd,N5Lqpc,fgj8Rb,xQtZb,lPKSwe,y4Nztd,QIhFr,JNoxi,texUgd,MI6k7c,kjKdXe,pB6Zqd,llTWPd,FYCkde,rHjpXd,yDVVkb,E7GzYd,SF3gsd,FSOnAf,cilABe,jdrlZe,qexExd,DNsE7e,xGC4Gb,swpmp,gtEOic,QBFzrf,sszRX,CvtcN,hKSk3e,oUdseb,sPwFo,iTsyac,Rsjrje,hc6Ubd,rNa50e,dWHZee,r3O6kf,CpMwL,Tnlgmf,QQnX0,KG2eXe,SpsfSb,Zz5Rse,cWjcJb,NNJERe,tfTN8c,o02Jie,SWlOAd,Cw0Hjd,LgZW9b,OdgxHf,ABMzYd,VwDzFe,zbML3c,vWBbe,alwr6,JECyjf,ixOrqc,dlck6b,HDvRde,Uas9Hd,BVgquf,a9EW5e,Z7OaKe,A7fCU,JGjVRe,hIO81e,UgAtXe,pjICDe, line 6853: Error: DisconnectedError, EndCause = 72
JavaScript error: https://meet.google.com/_/scs/mss-static/_/js/k=boq-rtc.MeetingsUi.en_US.PhdDbpWFlq4.2020.O/ck=boq-rtc.MeetingsUi.BMcfmfNPVVQ.L.F4.O/am=YQAgRAAAbQhwv2AGEDAAogQAADAAAuQDAEAMAAA0A2EG_weQEgAAoREAAAAnKCEBAg/d=1/exm=LEikZe,_b,_tp,byfTOb,lsjVmc/excm=_b,_tp,calldesktoppageview/ed=1/wt=2/ct=zgms/rs=AL5CKSFRBng62JrUAJ3ONjKylmVcjkwS0w/m=n73qwf,ws9Tlc,IZT63,e5qFLc,GkRiKb,UUJqVe,O1Gjze,xUdipf,blwjVc,fKUV3e,aurFic,COQbmf,U0aPgd,ZwDk9d,V3dDOb,XU5LFb,hl,rrm,c6KVyc,jKHFJb,mI3LFb,WO9ee,T6U9J,lHoXXe,SFhYHb,FMq9Lb,qIJF2,rsr,AePfdf,DCwKHe,RqS4qe,t8N1l,nUMwj,zmuYmd,Bmvled,mibVie,syIdOe,k2r0oe,OoSMve,KdcBrc,O6y8ed,NpD4ec,PrPYRd,O4tzsb,iWP1Yb,MpJwZc,O8k1Cd,NwH0H,OmgaI,HLo3Ef,x60fie,xiqEse,MsyKad,lazG7b,ma,kXiGjb,khenvb,azqyEc,W4cEdc,tQz2Ve,XVMNvd,L1AAkb,KUM7Z,rE6Mgd,Fl2dbf,fFdwef,Mh3sMc,ehbmDc,GcAaod,rn9YO,Y0bgVb,s39S4,lwddkf,gychg,w9hDv,RMhBfe,tgTcU,qCSYWe,lAg79c,TH1Apc,Ryzncf,SdcwHb,aW3pY,YLQSd,PQaYAf,P1S3zf,DM8swd,pw70Gc,EFQ78c,Ulmmrd,ZfAoz,Ivl8bd,mdR7q,kmkrAf,PGW6ue,CBlRxf,MdUzUe,I6YDgd,N5Lqpc,fgj8Rb,xQtZb,lPKSwe,y4Nztd,QIhFr,JNoxi,texUgd,MI6k7c,kjKdXe,pB6Zqd,llTWPd,FYCkde,rHjpXd,yDVVkb,E7GzYd,SF3gsd,FSOnAf,cilABe,jdrlZe,qexExd,DNsE7e,xGC4Gb,swpmp,gtEOic,QBFzrf,sszRX,CvtcN,hKSk3e,oUdseb,sPwFo,iTsyac,Rsjrje,hc6Ubd,rNa50e,dWHZee,r3O6kf,CpMwL,Tnlgmf,QQnX0,KG2eXe,SpsfSb,Zz5Rse,cWjcJb,NNJERe,tfTN8c,o02Jie,SWlOAd,Cw0Hjd,LgZW9b,OdgxHf,ABMzYd,VwDzFe,zbML3c,vWBbe,alwr6,JECyjf,ixOrqc,dlck6b,HDvRde,Uas9Hd,BVgquf,a9EW5e,Z7OaKe,A7fCU,JGjVRe,hIO81e,UgAtXe,pjICDe, line 6853: Error: DisconnectedError, EndCause = 72
JavaScript error: https://meet.google.com/_/scs/mss-static/_/js/k=boq-rtc.MeetingsUi.en_US.PhdDbpWFlq4.2020.O/ck=boq-rtc.MeetingsUi.BMcfmfNPVVQ.L.F4.O/am=YQAgRAAAbQhwv2AGEDAAogQAADAAAuQDAEAMAAA0A2EG_weQEgAAoREAAAAnKCEBAg/d=1/exm=LEikZe,_b,_tp,byfTOb,lsjVmc/excm=_b,_tp,calldesktoppageview/ed=1/wt=2/ct=zgms/rs=AL5CKSFRBng62JrUAJ3ONjKylmVcjkwS0w/m=n73qwf,ws9Tlc,IZT63,e5qFLc,GkRiKb,UUJqVe,O1Gjze,xUdipf,blwjVc,fKUV3e,aurFic,COQbmf,U0aPgd,ZwDk9d,V3dDOb,XU5LFb,hl,rrm,c6KVyc,jKHFJb,mI3LFb,WO9ee,T6U9J,lHoXXe,SFhYHb,FMq9Lb,qIJF2,rsr,AePfdf,DCwKHe,RqS4qe,t8N1l,nUMwj,zmuYmd,Bmvled,mibVie,syIdOe,k2r0oe,OoSMve,KdcBrc,O6y8ed,NpD4ec,PrPYRd,O4tzsb,iWP1Yb,MpJwZc,O8k1Cd,NwH0H,OmgaI,HLo3Ef,x60fie,xiqEse,MsyKad,lazG7b,ma,kXiGjb,khenvb,azqyEc,W4cEdc,tQz2Ve,XVMNvd,L1AAkb,KUM7Z,rE6Mgd,Fl2dbf,fFdwef,Mh3sMc,ehbmDc,GcAaod,rn9YO,Y0bgVb,s39S4,lwddkf,gychg,w9hDv,RMhBfe,tgTcU,qCSYWe,lAg79c,TH1Apc,Ryzncf,SdcwHb,aW3pY,YLQSd,PQaYAf,P1S3zf,DM8swd,pw70Gc,EFQ78c,Ulmmrd,ZfAoz,Ivl8bd,mdR7q,kmkrAf,PGW6ue,CBlRxf,MdUzUe,I6YDgd,N5Lqpc,fgj8Rb,xQtZb,lPKSwe,y4Nztd,QIhFr,JNoxi,texUgd,MI6k7c,kjKdXe,pB6Zqd,llTWPd,FYCkde,rHjpXd,yDVVkb,E7GzYd,SF3gsd,FSOnAf,cilABe,jdrlZe,qexExd,DNsE7e,xGC4Gb,swpmp,gtEOic,QBFzrf,sszRX,CvtcN,hKSk3e,oUdseb,sPwFo,iTsyac,Rsjrje,hc6Ubd,rNa50e,dWHZee,r3O6kf,CpMwL,Tnlgmf,QQnX0,KG2eXe,SpsfSb,Zz5Rse,cWjcJb,NNJERe,tfTN8c,o02Jie,SWlOAd,Cw0Hjd,LgZW9b,OdgxHf,ABMzYd,VwDzFe,zbML3c,vWBbe,alwr6,JECyjf,ixOrqc,dlck6b,HDvRde,Uas9Hd,BVgquf,a9EW5e,Z7OaKe,A7fCU,JGjVRe,hIO81e,UgAtXe,pjICDe, line 6853: Error: DisconnectedError, EndCause = 72
JavaScript error: https://meet.google.com/_/scs/mss-static/_/js/k=boq-rtc.MeetingsUi.en_US.PhdDbpWFlq4.2020.O/ck=boq-rtc.MeetingsUi.BMcfmfNPVVQ.L.F4.O/am=YQAgRAAAbQhwv2AGEDAAogQAADAAAuQDAEAMAAA0A2EG_weQEgAAoREAAAAnKCEBAg/d=1/exm=LEikZe,_b,_tp,byfTOb,lsjVmc/excm=_b,_tp,calldesktoppageview/ed=1/wt=2/ct=zgms/rs=AL5CKSFRBng62JrUAJ3ONjKylmVcjkwS0w/m=n73qwf,ws9Tlc,IZT63,e5qFLc,GkRiKb,UUJqVe,O1Gjze,xUdipf,blwjVc,fKUV3e,aurFic,COQbmf,U0aPgd,ZwDk9d,V3dDOb,XU5LFb,hl,rrm,c6KVyc,jKHFJb,mI3LFb,WO9ee,T6U9J,lHoXXe,SFhYHb,FMq9Lb,qIJF2,rsr,AePfdf,DCwKHe,RqS4qe,t8N1l,nUMwj,zmuYmd,Bmvled,mibVie,syIdOe,k2r0oe,OoSMve,KdcBrc,O6y8ed,NpD4ec,PrPYRd,O4tzsb,iWP1Yb,MpJwZc,O8k1Cd,NwH0H,OmgaI,HLo3Ef,x60fie,xiqEse,MsyKad,lazG7b,ma,kXiGjb,khenvb,azqyEc,W4cEdc,tQz2Ve,XVMNvd,L1AAkb,KUM7Z,rE6Mgd,Fl2dbf,fFdwef,Mh3sMc,ehbmDc,GcAaod,rn9YO,Y0bgVb,s39S4,lwddkf,gychg,w9hDv,RMhBfe,tgTcU,qCSYWe,lAg79c,TH1Apc,Ryzncf,SdcwHb,aW3pY,YLQSd,PQaYAf,P1S3zf,DM8swd,pw70Gc,EFQ78c,Ulmmrd,ZfAoz,Ivl8bd,mdR7q,kmkrAf,PGW6ue,CBlRxf,MdUzUe,I6YDgd,N5Lqpc,fgj8Rb,xQtZb,lPKSwe,y4Nztd,QIhFr,JNoxi,texUgd,MI6k7c,kjKdXe,pB6Zqd,llTWPd,FYCkde,rHjpXd,yDVVkb,E7GzYd,SF3gsd,FSOnAf,cilABe,jdrlZe,qexExd,DNsE7e,xGC4Gb,swpmp,gtEOic,QBFzrf,sszRX,CvtcN,hKSk3e,oUdseb,sPwFo,iTsyac,Rsjrje,hc6Ubd,rNa50e,dWHZee,r3O6kf,CpMwL,Tnlgmf,QQnX0,KG2eXe,SpsfSb,Zz5Rse,cWjcJb,NNJERe,tfTN8c,o02Jie,SWlOAd,Cw0Hjd,LgZW9b,OdgxHf,ABMzYd,VwDzFe,zbML3c,vWBbe,alwr6,JECyjf,ixOrqc,dlck6b,HDvRde,Uas9Hd,BVgquf,a9EW5e,Z7OaKe,A7fCU,JGjVRe,hIO81e,UgAtXe,pjICDe, line 6853: Error: DisconnectedError, EndCause = 72
JavaScript error: https://meet.google.com/_/scs/mss-static/_/js/k=boq-rtc.MeetingsUi.en_US.PhdDbpWFlq4.2020.O/ck=boq-rtc.MeetingsUi.BMcfmfNPVVQ.L.F4.O/am=YQAgRAAAbQhwv2AGEDAAogQAADAAAuQDAEAMAAA0A2EG_weQEgAAoREAAAAnKCEBAg/d=1/exm=LEikZe,_b,_tp,byfTOb,lsjVmc/excm=_b,_tp,calldesktoppageview/ed=1/wt=2/ct=zgms/rs=AL5CKSFRBng62JrUAJ3ONjKylmVcjkwS0w/m=n73qwf,ws9Tlc,IZT63,e5qFLc,GkRiKb,UUJqVe,O1Gjze,xUdipf,blwjVc,fKUV3e,aurFic,COQbmf,U0aPgd,ZwDk9d,V3dDOb,XU5LFb,hl,rrm,c6KVyc,jKHFJb,mI3LFb,WO9ee,T6U9J,lHoXXe,SFhYHb,FMq9Lb,qIJF2,rsr,AePfdf,DCwKHe,RqS4qe,t8N1l,nUMwj,zmuYmd,Bmvled,mibVie,syIdOe,k2r0oe,OoSMve,KdcBrc,O6y8ed,NpD4ec,PrPYRd,O4tzsb,iWP1Yb,MpJwZc,O8k1Cd,NwH0H,OmgaI,HLo3Ef,x60fie,xiqEse,MsyKad,lazG7b,ma,kXiGjb,khenvb,azqyEc,W4cEdc,tQz2Ve,XVMNvd,L1AAkb,KUM7Z,rE6Mgd,Fl2dbf,fFdwef,Mh3sMc,ehbmDc,GcAaod,rn9YO,Y0bgVb,s39S4,lwddkf,gychg,w9hDv,RMhBfe,tgTcU,qCSYWe,lAg79c,TH1Apc,Ryzncf,SdcwHb,aW3pY,YLQSd,PQaYAf,P1S3zf,DM8swd,pw70Gc,EFQ78c,Ulmmrd,ZfAoz,Ivl8bd,mdR7q,kmkrAf,PGW6ue,CBlRxf,MdUzUe,I6YDgd,N5Lqpc,fgj8Rb,xQtZb,lPKSwe,y4Nztd,QIhFr,JNoxi,texUgd,MI6k7c,kjKdXe,pB6Zqd,llTWPd,FYCkde,rHjpXd,yDVVkb,E7GzYd,SF3gsd,FSOnAf,cilABe,jdrlZe,qexExd,DNsE7e,xGC4Gb,swpmp,gtEOic,QBFzrf,sszRX,CvtcN,hKSk3e,oUdseb,sPwFo,iTsyac,Rsjrje,hc6Ubd,rNa50e,dWHZee,r3O6kf,CpMwL,Tnlgmf,QQnX0,KG2eXe,SpsfSb,Zz5Rse,cWjcJb,NNJERe,tfTN8c,o02Jie,SWlOAd,Cw0Hjd,LgZW9b,OdgxHf,ABMzYd,VwDzFe,zbML3c,vWBbe,alwr6,JECyjf,ixOrqc,dlck6b,HDvRde,Uas9Hd,BVgquf,a9EW5e,Z7OaKe,A7fCU,JGjVRe,hIO81e,UgAtXe,pjICDe, line 6853: Error: startupCode: 200, error = {
  Aa = 403
  Da = {
    alt-svc = "h3-29=":443"; ma=2592000,h3-T051=":443"; ma=2592000,h3-Q050=":443"; ma=2592000,h3-Q046=":443"; ma=2592000,h3-Q043=":443"; ma=2592000,quic=":443"; ma=2592000; v="46,43""
    cache-control = "private"
    content-encoding = "gzip"
    content-length = "59"
    content-type = "application/x-protobuf"
    date = "Thu, 25 Feb 2021 16:07:30 GMT"
    server = "ESF"
    vary = "Origin, X-Origin, Referer"
    x-content-type-options = "nosniff"
    x-firefox-spdy = "h2"
    x-frame-options = "SAMEORIGIN"
    x-xss-protection = "0"
    closure_uid_541906481 = 64
  }
  Tj = NULL
  Ha = {
    Kba = 39
    closure_uid_541906481 = 65
  }
  Ba = {
    Aa = {
      3 = {
        closure_uid_541906481 = 68
      }
      closure_uid_541906481 = 67
    }
    Ha = undefined
    Pa = -1
    Ca = {
      0 = 7
      1 = "The caller does not have permission"
      2 = {
        closure_uid_541906481 = 70
      }
      closure_uid_541906481 = 69
    }
    Ra = 1.7976931348623157e+308
    Ta = {
      closure_uid_541906481 = 71
    }
    closure_uid_541906481 = 66
    qd = "v3Bbmc"
  }
  Ja = NULL
  Ca = NULL
  closure_uid_541906481 = 63
}
JavaScript error: https://meet.google.com/_/scs/mss-static/_/js/k=boq-rtc.MeetingsUi.en_US.PhdDbpWFlq4.2020.O/ck=boq-rtc.MeetingsUi.BMcfmfNPVVQ.L.F4.O/am=YQAgRAAAbQhwv2AGEDAAogQAADAAAuQDAEAMAAA0A2EG_weQEgAAoREAAAAnKCEBAg/d=1/exm=LEikZe,_b,_tp,byfTOb,lsjVmc/excm=_b,_tp,calldesktoppageview/ed=1/wt=2/ct=zgms/rs=AL5CKSFRBng62JrUAJ3ONjKylmVcjkwS0w/m=n73qwf,ws9Tlc,IZT63,e5qFLc,GkRiKb,UUJqVe,O1Gjze,xUdipf,blwjVc,fKUV3e,aurFic,COQbmf,U0aPgd,ZwDk9d,V3dDOb,XU5LFb,hl,rrm,c6KVyc,jKHFJb,mI3LFb,WO9ee,T6U9J,lHoXXe,SFhYHb,FMq9Lb,qIJF2,rsr,AePfdf,DCwKHe,RqS4qe,t8N1l,nUMwj,zmuYmd,Bmvled,mibVie,syIdOe,k2r0oe,OoSMve,KdcBrc,O6y8ed,NpD4ec,PrPYRd,O4tzsb,iWP1Yb,MpJwZc,O8k1Cd,NwH0H,OmgaI,HLo3Ef,x60fie,xiqEse,MsyKad,lazG7b,ma,kXiGjb,khenvb,azqyEc,W4cEdc,tQz2Ve,XVMNvd,L1AAkb,KUM7Z,rE6Mgd,Fl2dbf,fFdwef,Mh3sMc,ehbmDc,GcAaod,rn9YO,Y0bgVb,s39S4,lwddkf,gychg,w9hDv,RMhBfe,tgTcU,qCSYWe,lAg79c,TH1Apc,Ryzncf,SdcwHb,aW3pY,YLQSd,PQaYAf,P1S3zf,DM8swd,pw70Gc,EFQ78c,Ulmmrd,ZfAoz,Ivl8bd,mdR7q,kmkrAf,PGW6ue,CBlRxf,MdUzUe,I6YDgd,N5Lqpc,fgj8Rb,xQtZb,lPKSwe,y4Nztd,QIhFr,JNoxi,texUgd,MI6k7c,kjKdXe,pB6Zqd,llTWPd,FYCkde,rHjpXd,yDVVkb,E7GzYd,SF3gsd,FSOnAf,cilABe,jdrlZe,qexExd,DNsE7e,xGC4Gb,swpmp,gtEOic,QBFzrf,sszRX,CvtcN,hKSk3e,oUdseb,sPwFo,iTsyac,Rsjrje,hc6Ubd,rNa50e,dWHZee,r3O6kf,CpMwL,Tnlgmf,QQnX0,KG2eXe,SpsfSb,Zz5Rse,cWjcJb,NNJERe,tfTN8c,o02Jie,SWlOAd,Cw0Hjd,LgZW9b,OdgxHf,ABMzYd,VwDzFe,zbML3c,vWBbe,alwr6,JECyjf,ixOrqc,dlck6b,HDvRde,Uas9Hd,BVgquf,a9EW5e,Z7OaKe,A7fCU,JGjVRe,hIO81e,UgAtXe,pjICDe, line 6853: Error: DisconnectedError, EndCause = 72
JavaScript error: https://meet.google.com/_/scs/mss-static/_/js/k=boq-rtc.MeetingsUi.en_US.PhdDbpWFlq4.2020.O/ck=boq-rtc.MeetingsUi.BMcfmfNPVVQ.L.F4.O/am=YQAgRAAAbQhwv2AGEDAAogQAADAAAuQDAEAMAAA0A2EG_weQEgAAoREAAAAnKCEBAg/d=1/exm=LEikZe,_b,_tp,byfTOb,lsjVmc/excm=_b,_tp,calldesktoppageview/ed=1/wt=2/ct=zgms/rs=AL5CKSFRBng62JrUAJ3ONjKylmVcjkwS0w/m=n73qwf,ws9Tlc,IZT63,e5qFLc,GkRiKb,UUJqVe,O1Gjze,xUdipf,blwjVc,fKUV3e,aurFic,COQbmf,U0aPgd,ZwDk9d,V3dDOb,XU5LFb,hl,rrm,c6KVyc,jKHFJb,mI3LFb,WO9ee,T6U9J,lHoXXe,SFhYHb,FMq9Lb,qIJF2,rsr,AePfdf,DCwKHe,RqS4qe,t8N1l,nUMwj,zmuYmd,Bmvled,mibVie,syIdOe,k2r0oe,OoSMve,KdcBrc,O6y8ed,NpD4ec,PrPYRd,O4tzsb,iWP1Yb,MpJwZc,O8k1Cd,NwH0H,OmgaI,HLo3Ef,x60fie,xiqEse,MsyKad,lazG7b,ma,kXiGjb,khenvb,azqyEc,W4cEdc,tQz2Ve,XVMNvd,L1AAkb,KUM7Z,rE6Mgd,Fl2dbf,fFdwef,Mh3sMc,ehbmDc,GcAaod,rn9YO,Y0bgVb,s39S4,lwddkf,gychg,w9hDv,RMhBfe,tgTcU,qCSYWe,lAg79c,TH1Apc,Ryzncf,SdcwHb,aW3pY,YLQSd,PQaYAf,P1S3zf,DM8swd,pw70Gc,EFQ78c,Ulmmrd,ZfAoz,Ivl8bd,mdR7q,kmkrAf,PGW6ue,CBlRxf,MdUzUe,I6YDgd,N5Lqpc,fgj8Rb,xQtZb,lPKSwe,y4Nztd,QIhFr,JNoxi,texUgd,MI6k7c,kjKdXe,pB6Zqd,llTWPd,FYCkde,rHjpXd,yDVVkb,E7GzYd,SF3gsd,FSOnAf,cilABe,jdrlZe,qexExd,DNsE7e,xGC4Gb,swpmp,gtEOic,QBFzrf,sszRX,CvtcN,hKSk3e,oUdseb,sPwFo,iTsyac,Rsjrje,hc6Ubd,rNa50e,dWHZee,r3O6kf,CpMwL,Tnlgmf,QQnX0,KG2eXe,SpsfSb,Zz5Rse,cWjcJb,NNJERe,tfTN8c,o02Jie,SWlOAd,Cw0Hjd,LgZW9b,OdgxHf,ABMzYd,VwDzFe,zbML3c,vWBbe,alwr6,JECyjf,ixOrqc,dlck6b,HDvRde,Uas9Hd,BVgquf,a9EW5e,Z7OaKe,A7fCU,JGjVRe,hIO81e,UgAtXe,pjICDe, line 6853: Error: DisconnectedError, EndCause = 72
JavaScript error: , line 0: uncaught exception: Object
JavaScript error: , line 0: uncaught exception: Object
JavaScript error: , line 0: uncaught exception: Object
JavaScript error: , line 0: uncaught exception: Object
JavaScript error: , line 0: uncaught exception: Object
JavaScript error: , line 0: uncaught exception: Object
JavaScript error: , line 0: uncaught exception: Object
JavaScript error: resource://activity-stream/lib/ASRouter.jsm, line 987: NS_ERROR_ILLEGAL_VALUE: Component returned failure code: 0x80070057 (NS_ERROR_ILLEGAL_VALUE) [nsIObserverService.removeObserver]
1614269283584	Marionette	INFO	Stopped listening on port 41425
1614885223230	geckodriver	INFO	Listening on 127.0.0.1:42251
1614885224180	mozrunner::runner	INFO	Running command: "/usr/bin/firefox" "--marionette" "-foreground" "-no-remote" "-profile" "/tmp/rust_mozprofile8d2iCS"
console.warn: SearchSettings: "get: No settings file exists, new profile?" (new Error("", "(unknown module)"))
console.error: Region.jsm: "Error fetching region" (new Error("TIMEOUT", "resource://gre/modules/Region.jsm", 775))
console.error: Region.jsm: "Failed to fetch region" (new Error("TIMEOUT", "resource://gre/modules/Region.jsm", 422))
1614885243884	Marionette	INFO	Listening on port 40707
1614885244103	Marionette	WARN	TLS certificate errors will be ignored for this session
JavaScript error: resource://activity-stream/lib/ASRouter.jsm, line 988: NS_ERROR_ILLEGAL_VALUE: Component returned failure code: 0x80070057 (NS_ERROR_ILLEGAL_VALUE) [nsIObserverService.removeObserver]
1614885279539	Marionette	INFO	Stopped listening on port 40707
1614885350523	geckodriver	INFO	Listening on 127.0.0.1:36009
1614885350529	mozrunner::runner	INFO	Running command: "/usr/bin/firefox" "--marionette" "-foreground" "-no-remote" "-profile" "/tmp/rust_mozprofilexjMaJF"
console.warn: SearchSettings: "get: No settings file exists, new profile?" (new Error("", "(unknown module)"))
1614885370249	Marionette	INFO	Listening on port 46097
1614885370372	Marionette	WARN	TLS certificate errors will be ignored for this session
JavaScript error: resource://gre/actors/AutoCompleteChild.jsm, line 125: Error: Invalid autocomplete selectedIndex
JavaScript error: resource://gre/actors/AutoCompleteChild.jsm, line 125: Error: Invalid autocomplete selectedIndex
JavaScript error: resource://gre/modules/LoginManagerChild.jsm, line 190: NS_ERROR_XPC_JAVASCRIPT_ERROR_WITH_DETAILS: [JavaScript Error: "Invalid autocomplete selectedIndex" {file: "resource://gre/actors/AutoCompleteChild.jsm" line: 125}]'[JavaScript Error: "Invalid autocomplete selectedIndex" {file: "resource://gre/actors/AutoCompleteChild.jsm" line: 125}]' when calling method: [nsIAutoCompletePopup::selectedIndex]
JavaScript error: resource://activity-stream/lib/ASRouter.jsm, line 988: NS_ERROR_ILLEGAL_VALUE: Component returned failure code: 0x80070057 (NS_ERROR_ILLEGAL_VALUE) [nsIObserverService.removeObserver]
1614885405034	Marionette	INFO	Stopped listening on port 46097
